<?xml version="1.0" encoding="UTF-8"?>
<!-- Generated by org.testng.reporters.JUnitReportReporter -->
<testsuite hostname="DESKTOP-FODCQ2C" failures="0" tests="1" name="com.crm.createCampaigns.CreateCampaignTest" time="29.534" errors="0" timestamp="2023-02-07T14:59:21 IST" skipped="0">
  <testcase classname="com.crm.createCampaigns.CreateCampaignTest" name="createCampaignTest" time="29.534"/>
  <system-out>
    <![CDATA[Campaign is created
campaign is edited successfully
Campaign is deleted]]>
  </system-out>
</testsuite> <!-- com.crm.createCampaigns.CreateCampaignTest -->
